mode: atomic
github.com/benzjeremy/docklite/main.go:37.2,44.1 8 0
github.com/benzjeremy/docklite/main.go:45.2,45.18 8 0
github.com/benzjeremy/docklite/main.go:46.3,48.1 2 0
github.com/benzjeremy/docklite/main.go:50.2,51.1 3 0
github.com/benzjeremy/docklite/main.go:53.2,54.16 3 0
github.com/benzjeremy/docklite/main.go:55.3,56.1 1 0
github.com/benzjeremy/docklite/main.go:58.2,60.1 3 0
github.com/benzjeremy/docklite/main.go:61.2,61.47 3 0
github.com/benzjeremy/docklite/main.go:62.3,64.1 2 0
github.com/benzjeremy/docklite/main.go:65.3,66.76 2 0
github.com/benzjeremy/docklite/main.go:67.4,68.1 1 0
github.com/benzjeremy/docklite/main.go:72.2,73.16 2 0
github.com/benzjeremy/docklite/main.go:74.3,75.1 1 0
github.com/benzjeremy/docklite/main.go:78.2,79.75 2 0
github.com/benzjeremy/docklite/main.go:80.3,81.1 1 0
github.com/benzjeremy/docklite/main.go:83.2,86.1 7 0
github.com/benzjeremy/docklite/main.go:89.2,90.1 7 0
github.com/benzjeremy/docklite/main.go:91.2,98.1 7 0
github.com/benzjeremy/docklite/main.go:101.2,103.1 7 0
github.com/benzjeremy/docklite/main.go:104.2,104.12 7 0
github.com/benzjeremy/docklite/main.go:105.3,106.57 2 0
github.com/benzjeremy/docklite/main.go:107.4,108.1 1 0
github.com/benzjeremy/docklite/main.go:110.3,112.23 3 0
github.com/benzjeremy/docklite/main.go:113.4,114.1 1 0
github.com/benzjeremy/docklite/main.go:116.3,116.23 1 0
github.com/benzjeremy/docklite/main.go:117.4,119.1 2 0
github.com/benzjeremy/docklite/main.go:121.3,122.17 2 0
github.com/benzjeremy/docklite/main.go:123.4,124.1 1 0
github.com/benzjeremy/docklite/main.go:125.3,125.77 1 0
github.com/benzjeremy/docklite/main.go:126.4,127.1 1 0
github.com/benzjeremy/docklite/main.go:130.2,134.1 5 0
github.com/benzjeremy/docklite/main.go:135.2,135.57 5 0
github.com/benzjeremy/docklite/main.go:136.3,137.1 1 0
github.com/benzjeremy/docklite/main.go:138.2,138.30 1 0
github.com/benzjeremy/docklite/main.go:142.2,143.22 2 0
github.com/benzjeremy/docklite/main.go:145.3,145.69 1 0
github.com/benzjeremy/docklite/main.go:147.3,147.34 1 0
github.com/benzjeremy/docklite/main.go:149.3,149.38 1 0
github.com/benzjeremy/docklite/main.go:151.2,151.17 1 0
github.com/benzjeremy/docklite/internal/docker/client.go:29.2,29.16 1 0
github.com/benzjeremy/docklite/internal/docker/client.go:30.3,31.1 1 0
github.com/benzjeremy/docklite/internal/docker/client.go:32.2,32.16 1 0
github.com/benzjeremy/docklite/internal/docker/client.go:33.3,34.1 1 0
github.com/benzjeremy/docklite/internal/docker/client.go:36.2,37.80 1 0
github.com/benzjeremy/docklite/internal/docker/client.go:38.4,39.1 1 0
github.com/benzjeremy/docklite/internal/docker/client.go:46.2,52.8 1 0
github.com/benzjeremy/docklite/internal/docker/client.go:57.2,58.1 1 0
github.com/benzjeremy/docklite/internal/docker/client.go:61.2,62.16 2 0
github.com/benzjeremy/docklite/internal/docker/client.go:63.3,64.1 1 0
github.com/benzjeremy/docklite/internal/docker/client.go:65.2,65.17 1 0
github.com/benzjeremy/docklite/internal/docker/client.go:66.3,67.1 1 0
github.com/benzjeremy/docklite/internal/docker/client.go:68.2,68.29 1 0
github.com/benzjeremy/docklite/internal/docker/client.go:73.2,74.16 2 0
github.com/benzjeremy/docklite/internal/docker/client.go:75.3,76.1 1 0
github.com/benzjeremy/docklite/internal/docker/client.go:77.2,78.28 2 0
github.com/benzjeremy/docklite/internal/docker/client.go:79.3,80.1 1 0
github.com/benzjeremy/docklite/internal/docker/client.go:81.2,81.12 1 0
github.com/benzjeremy/docklite/internal/docker/client.go:86.2,87.16 2 0
github.com/benzjeremy/docklite/internal/docker/client.go:88.3,89.1 1 0
github.com/benzjeremy/docklite/internal/docker/client.go:90.2,91.1 3 0
github.com/benzjeremy/docklite/internal/docker/client.go:92.2,93.64 3 0
github.com/benzjeremy/docklite/internal/docker/client.go:94.3,95.1 1 0
github.com/benzjeremy/docklite/internal/docker/client.go:96.2,96.18 1 0
github.com/benzjeremy/docklite/internal/docker/client.go:101.2,102.16 2 0
github.com/benzjeremy/docklite/internal/docker/client.go:103.3,104.1 1 0
github.com/benzjeremy/docklite/internal/docker/client.go:105.2,106.1 3 0
github.com/benzjeremy/docklite/internal/docker/client.go:107.2,108.65 3 0
github.com/benzjeremy/docklite/internal/docker/client.go:109.3,110.1 1 0
github.com/benzjeremy/docklite/internal/docker/client.go:111.2,111.19 1 0
github.com/benzjeremy/docklite/internal/docker/client.go:116.2,117.9 2 0
github.com/benzjeremy/docklite/internal/docker/client.go:118.3,119.1 1 0
github.com/benzjeremy/docklite/internal/docker/client.go:121.2,122.16 2 0
github.com/benzjeremy/docklite/internal/docker/client.go:123.3,124.1 1 0
github.com/benzjeremy/docklite/internal/docker/client.go:125.2,126.1 3 0
github.com/benzjeremy/docklite/internal/docker/client.go:127.2,128.70 3 0
github.com/benzjeremy/docklite/internal/docker/client.go:129.3,130.1 1 0
github.com/benzjeremy/docklite/internal/docker/client.go:132.2,133.30 2 0
github.com/benzjeremy/docklite/internal/docker/client.go:134.3,135.23 2 0
github.com/benzjeremy/docklite/internal/docker/client.go:136.4,137.1 1 0
github.com/benzjeremy/docklite/internal/docker/client.go:138.3,139.24 2 0
github.com/benzjeremy/docklite/internal/docker/client.go:140.4,141.1 1 0
github.com/benzjeremy/docklite/internal/docker/client.go:143.3,154.1 2 0
github.com/benzjeremy/docklite/internal/docker/client.go:155.3,155.35 2 0
github.com/benzjeremy/docklite/internal/docker/client.go:158.2,158.21 1 0
github.com/benzjeremy/docklite/internal/docker/client.go:163.2,164.16 2 0
github.com/benzjeremy/docklite/internal/docker/client.go:165.3,166.1 1 0
github.com/benzjeremy/docklite/internal/docker/client.go:167.2,168.1 2 0
github.com/benzjeremy/docklite/internal/docker/client.go:169.2,169.44 2 0
github.com/benzjeremy/docklite/internal/docker/client.go:170.3,171.1 1 0
github.com/benzjeremy/docklite/internal/docker/client.go:173.2,174.65 2 0
github.com/benzjeremy/docklite/internal/docker/client.go:175.3,176.1 1 0
github.com/benzjeremy/docklite/internal/docker/client.go:177.2,177.18 1 0
github.com/benzjeremy/docklite/internal/docker/client.go:182.2,183.16 2 0
github.com/benzjeremy/docklite/internal/docker/client.go:184.3,185.1 1 0
github.com/benzjeremy/docklite/internal/docker/client.go:186.2,187.1 2 0
github.com/benzjeremy/docklite/internal/docker/client.go:188.2,188.38 2 0
github.com/benzjeremy/docklite/internal/docker/client.go:189.3,190.1 1 0
github.com/benzjeremy/docklite/internal/docker/client.go:192.2,193.64 2 0
github.com/benzjeremy/docklite/internal/docker/client.go:194.3,195.1 1 0
github.com/benzjeremy/docklite/internal/docker/client.go:197.2,197.34 1 0
github.com/benzjeremy/docklite/internal/docker/client.go:202.2,203.16 2 0
github.com/benzjeremy/docklite/internal/docker/client.go:204.3,205.1 1 0
github.com/benzjeremy/docklite/internal/docker/client.go:206.2,208.16 3 0
github.com/benzjeremy/docklite/internal/docker/client.go:209.3,210.1 1 0
github.com/benzjeremy/docklite/internal/docker/client.go:211.2,212.1 3 0
github.com/benzjeremy/docklite/internal/docker/client.go:213.2,214.16 3 0
github.com/benzjeremy/docklite/internal/docker/client.go:215.3,216.1 1 0
github.com/benzjeremy/docklite/internal/docker/client.go:218.2,218.33 1 0
github.com/benzjeremy/docklite/internal/docker/client.go:223.2,224.21 2 0
github.com/benzjeremy/docklite/internal/docker/client.go:226.3,227.21 2 0
github.com/benzjeremy/docklite/internal/docker/client.go:229.4,231.1 2 0
github.com/benzjeremy/docklite/internal/docker/client.go:232.3,234.36 3 0
github.com/benzjeremy/docklite/internal/docker/client.go:235.4,236.9 2 0
github.com/benzjeremy/docklite/internal/docker/client.go:238.3,239.26 2 0
github.com/benzjeremy/docklite/internal/docker/client.go:241.2,241.19 1 0
github.com/benzjeremy/docklite/internal/docker/client.go:242.3,243.1 1 0
github.com/benzjeremy/docklite/internal/docker/client.go:244.2,244.21 1 0
github.com/benzjeremy/docklite/internal/docker/client.go:249.2,250.16 2 0
github.com/benzjeremy/docklite/internal/docker/client.go:252.3,252.49 1 0
github.com/benzjeremy/docklite/internal/docker/client.go:254.3,254.53 1 0
github.com/benzjeremy/docklite/internal/docker/client.go:256.3,256.56 1 0
github.com/benzjeremy/docklite/internal/docker/client.go:258.3,258.49 1 0
github.com/benzjeremy/docklite/internal/docker/client.go:260.3,260.51 1 0
github.com/benzjeremy/docklite/internal/docker/client.go:262.3,262.54 1 0
github.com/benzjeremy/docklite/internal/docker/client.go:265.2,266.16 2 0
github.com/benzjeremy/docklite/internal/docker/client.go:267.3,268.1 1 0
github.com/benzjeremy/docklite/internal/docker/client.go:269.2,270.1 2 0
github.com/benzjeremy/docklite/internal/docker/client.go:271.2,271.28 2 0
github.com/benzjeremy/docklite/internal/docker/client.go:272.3,274.1 2 0
github.com/benzjeremy/docklite/internal/docker/client.go:276.2,276.12 1 0
github.com/benzjeremy/docklite/internal/docker/client.go:281.2,282.16 2 0
github.com/benzjeremy/docklite/internal/docker/client.go:283.3,284.1 1 0
github.com/benzjeremy/docklite/internal/docker/client.go:285.2,286.1 3 0
github.com/benzjeremy/docklite/internal/docker/client.go:287.2,288.67 3 0
github.com/benzjeremy/docklite/internal/docker/client.go:289.3,290.1 1 0
github.com/benzjeremy/docklite/internal/docker/client.go:291.2,291.20 1 0
github.com/benzjeremy/docklite/internal/docker/client.go:296.2,297.11 2 0
github.com/benzjeremy/docklite/internal/docker/client.go:298.3,299.1 1 0
github.com/benzjeremy/docklite/internal/docker/client.go:300.2,301.16 2 0
github.com/benzjeremy/docklite/internal/docker/client.go:302.3,303.1 1 0
github.com/benzjeremy/docklite/internal/docker/client.go:304.2,305.1 2 0
github.com/benzjeremy/docklite/internal/docker/client.go:306.2,306.28 2 0
github.com/benzjeremy/docklite/internal/docker/client.go:307.3,309.1 2 0
github.com/benzjeremy/docklite/internal/docker/client.go:310.2,310.12 1 0
github.com/benzjeremy/docklite/internal/docker/client.go:315.2,316.11 2 0
github.com/benzjeremy/docklite/internal/docker/client.go:317.3,318.1 1 0
github.com/benzjeremy/docklite/internal/docker/client.go:319.2,320.16 2 0
github.com/benzjeremy/docklite/internal/docker/client.go:321.3,322.1 1 0
github.com/benzjeremy/docklite/internal/docker/client.go:323.2,324.1 2 0
github.com/benzjeremy/docklite/internal/docker/client.go:325.2,325.28 2 0
github.com/benzjeremy/docklite/internal/docker/client.go:326.3,328.1 2 0
github.com/benzjeremy/docklite/internal/docker/client.go:329.2,329.12 1 0
github.com/benzjeremy/docklite/internal/docker/client.go:334.2,335.16 2 0
github.com/benzjeremy/docklite/internal/docker/client.go:336.3,337.1 1 0
github.com/benzjeremy/docklite/internal/docker/client.go:338.2,339.1 5 0
github.com/benzjeremy/docklite/internal/docker/client.go:340.2,342.1 5 0
github.com/benzjeremy/docklite/internal/docker/client.go:343.2,344.16 5 0
github.com/benzjeremy/docklite/internal/docker/client.go:345.3,346.1 1 0
github.com/benzjeremy/docklite/internal/docker/client.go:347.2,348.1 4 0
github.com/benzjeremy/docklite/internal/docker/client.go:349.2,351.1 4 0
github.com/benzjeremy/docklite/internal/docker/client.go:352.2,355.8 4 0
github.com/benzjeremy/docklite/internal/docker/client.go:360.2,361.16 2 0
github.com/benzjeremy/docklite/internal/docker/client.go:362.3,363.1 1 0
github.com/benzjeremy/docklite/internal/docker/client.go:364.2,365.1 2 0
github.com/benzjeremy/docklite/internal/docker/client.go:366.2,366.28 2 0
github.com/benzjeremy/docklite/internal/docker/client.go:367.3,369.1 2 0
github.com/benzjeremy/docklite/internal/docker/client.go:371.2,372.67 2 0
github.com/benzjeremy/docklite/internal/docker/client.go:373.3,374.1 1 0
github.com/benzjeremy/docklite/internal/docker/client.go:375.2,375.20 1 0
github.com/benzjeremy/docklite/internal/docker/client.go:380.2,381.16 2 0
github.com/benzjeremy/docklite/internal/docker/client.go:382.3,383.1 1 0
github.com/benzjeremy/docklite/internal/docker/client.go:385.2,386.16 2 0
github.com/benzjeremy/docklite/internal/docker/client.go:387.3,388.1 1 0
github.com/benzjeremy/docklite/internal/docker/client.go:389.2,390.1 2 0
github.com/benzjeremy/docklite/internal/docker/client.go:391.2,391.28 2 0
github.com/benzjeremy/docklite/internal/docker/client.go:392.3,394.1 2 0
github.com/benzjeremy/docklite/internal/docker/client.go:396.2,398.17 3 0
github.com/benzjeremy/docklite/internal/docker/client.go:403.2,403.15 1 0
github.com/benzjeremy/docklite/internal/docker/client.go:404.3,405.1 1 0
github.com/benzjeremy/docklite/internal/docker/client.go:406.2,408.16 3 0
github.com/benzjeremy/docklite/internal/docker/client.go:409.3,410.1 1 0
github.com/benzjeremy/docklite/internal/docker/client.go:411.2,412.1 2 0
github.com/benzjeremy/docklite/internal/docker/client.go:413.2,413.28 2 0
github.com/benzjeremy/docklite/internal/docker/client.go:414.3,416.1 2 0
github.com/benzjeremy/docklite/internal/docker/client.go:418.2,420.21 3 0
github.com/benzjeremy/docklite/internal/docker/client.go:421.3,422.66 2 0
github.com/benzjeremy/docklite/internal/docker/client.go:423.4,423.46 1 0
github.com/benzjeremy/docklite/internal/docker/client.go:424.5,424.48 1 0
github.com/benzjeremy/docklite/internal/docker/client.go:425.6,426.1 1 0
github.com/benzjeremy/docklite/internal/docker/client.go:427.6,428.1 1 0
github.com/benzjeremy/docklite/internal/docker/client.go:432.2,432.29 1 0
github.com/benzjeremy/docklite/internal/docker/client.go:437.2,438.16 2 0
github.com/benzjeremy/docklite/internal/docker/client.go:439.3,440.1 1 0
github.com/benzjeremy/docklite/internal/docker/client.go:441.2,442.1 3 0
github.com/benzjeremy/docklite/internal/docker/client.go:443.2,444.64 3 0
github.com/benzjeremy/docklite/internal/docker/client.go:445.3,446.1 1 0
github.com/benzjeremy/docklite/internal/docker/client.go:447.2,447.17 1 0
github.com/benzjeremy/docklite/internal/docker/client.go:452.2,453.16 2 0
github.com/benzjeremy/docklite/internal/docker/client.go:454.3,455.1 1 0
github.com/benzjeremy/docklite/internal/docker/client.go:456.2,457.1 3 0
github.com/benzjeremy/docklite/internal/docker/client.go:458.2,459.64 3 0
github.com/benzjeremy/docklite/internal/docker/client.go:460.3,461.1 1 0
github.com/benzjeremy/docklite/internal/docker/client.go:462.2,462.17 1 0
github.com/benzjeremy/docklite/internal/docker/dialer_posix.go:13.2,14.1 1 0
github.com/benzjeremy/docklite/internal/docker/dialer_posix.go:18.2,19.40 2 0
github.com/benzjeremy/docklite/internal/docker/dialer_posix.go:20.3,22.1 2 0
github.com/benzjeremy/docklite/internal/docker/dialer_posix.go:23.2,23.39 1 0
github.com/benzjeremy/docklite/internal/docker/dialer_posix.go:24.3,26.1 2 0
github.com/benzjeremy/docklite/internal/docker/dialer_posix.go:27.2,27.34 1 0
github.com/benzjeremy/docklite/internal/docker/dialer_posix.go:28.3,29.1 1 0
github.com/benzjeremy/docklite/internal/docker/dialer_posix.go:30.2,30.40 1 0
github.com/benzjeremy/docklite/internal/docker/stats.go:5.2,5.16 1 2
github.com/benzjeremy/docklite/internal/docker/stats.go:6.3,7.1 1 1
github.com/benzjeremy/docklite/internal/docker/stats.go:9.2,11.1 5 1
github.com/benzjeremy/docklite/internal/docker/stats.go:14.2,17.21 5 1
github.com/benzjeremy/docklite/internal/docker/stats.go:18.3,19.1 1 0
github.com/benzjeremy/docklite/internal/docker/stats.go:20.2,20.21 1 1
github.com/benzjeremy/docklite/internal/docker/stats.go:21.3,22.1 1 0
github.com/benzjeremy/docklite/internal/docker/stats.go:24.2,24.41 1 1
github.com/benzjeremy/docklite/internal/docker/stats.go:25.3,26.1 1 1
github.com/benzjeremy/docklite/internal/docker/stats.go:29.2,31.1 4 1
github.com/benzjeremy/docklite/internal/docker/stats.go:32.2,33.49 4 1
github.com/benzjeremy/docklite/internal/docker/stats.go:34.3,35.1 1 1
github.com/benzjeremy/docklite/internal/docker/stats.go:35.9,35.51 1 0
github.com/benzjeremy/docklite/internal/docker/stats.go:36.3,37.1 1 0
github.com/benzjeremy/docklite/internal/docker/stats.go:37.9,37.49 1 0
github.com/benzjeremy/docklite/internal/docker/stats.go:38.3,39.1 1 0
github.com/benzjeremy/docklite/internal/docker/stats.go:39.9,39.44 1 0
github.com/benzjeremy/docklite/internal/docker/stats.go:40.3,41.1 1 0
github.com/benzjeremy/docklite/internal/docker/stats.go:43.2,43.19 1 1
github.com/benzjeremy/docklite/internal/docker/stats.go:44.3,45.1 1 1
github.com/benzjeremy/docklite/internal/docker/stats.go:46.3,47.1 1 0
github.com/benzjeremy/docklite/internal/docker/stats.go:48.2,49.1 2 1
github.com/benzjeremy/docklite/internal/docker/stats.go:50.2,50.38 2 1
github.com/benzjeremy/docklite/internal/docker/stats.go:51.3,52.1 1 1
github.com/benzjeremy/docklite/internal/docker/stats.go:55.2,55.37 1 1
github.com/benzjeremy/docklite/internal/docker/stats.go:56.3,58.1 2 1
github.com/benzjeremy/docklite/internal/docker/stats.go:61.2,61.61 1 1
github.com/benzjeremy/docklite/internal/docker/stats.go:62.3,62.17 1 2
github.com/benzjeremy/docklite/internal/docker/stats.go:64.4,64.35 1 1
github.com/benzjeremy/docklite/internal/docker/stats.go:66.4,66.36 1 1
github.com/benzjeremy/docklite/internal/docker/stats.go:70.2,70.12 1 1
github.com/benzjeremy/docklite/internal/api/handlers.go:16.2,18.56 3 0
github.com/benzjeremy/docklite/internal/api/handlers.go:19.3,20.1 1 0
github.com/benzjeremy/docklite/internal/api/handlers.go:24.2,29.1 1 0
github.com/benzjeremy/docklite/internal/api/handlers.go:32.2,34.43 3 0
github.com/benzjeremy/docklite/internal/api/handlers.go:35.3,36.1 1 0
github.com/benzjeremy/docklite/internal/api/handlers.go:38.2,44.4 1 0
github.com/benzjeremy/docklite/internal/api/handlers.go:48.2,50.16 3 0
github.com/benzjeremy/docklite/internal/api/handlers.go:51.3,53.1 2 0
github.com/benzjeremy/docklite/internal/api/handlers.go:55.2,61.4 1 0
github.com/benzjeremy/docklite/internal/api/handlers.go:65.2,67.16 3 0
github.com/benzjeremy/docklite/internal/api/handlers.go:68.3,70.1 2 0
github.com/benzjeremy/docklite/internal/api/handlers.go:71.2,71.37 1 0
github.com/benzjeremy/docklite/internal/api/handlers.go:75.2,78.1 5 0
github.com/benzjeremy/docklite/internal/api/handlers.go:79.2,80.16 5 0
github.com/benzjeremy/docklite/internal/api/handlers.go:81.3,83.1 2 0
github.com/benzjeremy/docklite/internal/api/handlers.go:85.2,85.15 1 0
github.com/benzjeremy/docklite/internal/api/handlers.go:86.3,87.29 2 0
github.com/benzjeremy/docklite/internal/api/handlers.go:88.4,88.40 1 0
github.com/benzjeremy/docklite/internal/api/handlers.go:89.5,90.22 2 0
github.com/benzjeremy/docklite/internal/api/handlers.go:91.6,93.21 3 0
github.com/benzjeremy/docklite/internal/api/handlers.go:94.7,95.1 1 0
github.com/benzjeremy/docklite/internal/api/handlers.go:99.3,99.12 1 0
github.com/benzjeremy/docklite/internal/api/handlers.go:102.2,102.43 1 0
github.com/benzjeremy/docklite/internal/api/handlers.go:106.2,107.14 2 0
github.com/benzjeremy/docklite/internal/api/handlers.go:108.3,110.1 2 0
github.com/benzjeremy/docklite/internal/api/handlers.go:112.2,114.16 3 0
github.com/benzjeremy/docklite/internal/api/handlers.go:115.3,117.1 2 0
github.com/benzjeremy/docklite/internal/api/handlers.go:119.2,119.37 1 0
github.com/benzjeremy/docklite/internal/api/handlers.go:124.2,126.14 3 0
github.com/benzjeremy/docklite/internal/api/handlers.go:127.3,129.1 2 0
github.com/benzjeremy/docklite/internal/api/handlers.go:131.2,133.16 3 0
github.com/benzjeremy/docklite/internal/api/handlers.go:134.3,136.1 2 0
github.com/benzjeremy/docklite/internal/api/handlers.go:138.2,138.38 1 0
github.com/benzjeremy/docklite/internal/api/handlers.go:143.2,145.14 3 0
github.com/benzjeremy/docklite/internal/api/handlers.go:146.3,148.1 2 0
github.com/benzjeremy/docklite/internal/api/handlers.go:150.2,151.61 2 0
github.com/benzjeremy/docklite/internal/api/handlers.go:152.3,152.61 1 0
github.com/benzjeremy/docklite/internal/api/handlers.go:153.4,154.1 1 0
github.com/benzjeremy/docklite/internal/api/handlers.go:156.2,157.1 4 0
github.com/benzjeremy/docklite/internal/api/handlers.go:158.2,160.16 4 0
github.com/benzjeremy/docklite/internal/api/handlers.go:161.3,163.1 2 0
github.com/benzjeremy/docklite/internal/api/handlers.go:165.2,169.4 1 0
github.com/benzjeremy/docklite/internal/api/handlers.go:174.2,175.20 2 0
github.com/benzjeremy/docklite/internal/api/handlers.go:176.3,178.1 2 0
github.com/benzjeremy/docklite/internal/api/handlers.go:179.2,181.1 4 0
github.com/benzjeremy/docklite/internal/api/handlers.go:182.2,183.66 4 0
github.com/benzjeremy/docklite/internal/api/handlers.go:184.3,186.1 2 0
github.com/benzjeremy/docklite/internal/api/handlers.go:188.2,193.4 1 0
github.com/benzjeremy/docklite/internal/api/handlers.go:197.2,199.16 3 0
github.com/benzjeremy/docklite/internal/api/handlers.go:200.3,202.1 2 0
github.com/benzjeremy/docklite/internal/api/handlers.go:204.2,204.39 1 0
github.com/benzjeremy/docklite/internal/api/handlers.go:208.2,209.14 2 0
github.com/benzjeremy/docklite/internal/api/handlers.go:210.3,212.1 2 0
github.com/benzjeremy/docklite/internal/api/handlers.go:214.2,216.65 3 0
github.com/benzjeremy/docklite/internal/api/handlers.go:217.3,219.1 2 0
github.com/benzjeremy/docklite/internal/api/handlers.go:221.2,225.4 1 0
github.com/benzjeremy/docklite/internal/api/handlers.go:229.2,230.14 2 0
github.com/benzjeremy/docklite/internal/api/handlers.go:231.3,233.1 2 0
github.com/benzjeremy/docklite/internal/api/handlers.go:235.2,237.61 3 0
github.com/benzjeremy/docklite/internal/api/handlers.go:238.3,240.1 2 0
github.com/benzjeremy/docklite/internal/api/handlers.go:242.2,246.4 1 0
github.com/benzjeremy/docklite/internal/api/handlers.go:250.2,252.16 3 0
github.com/benzjeremy/docklite/internal/api/handlers.go:253.3,255.1 2 0
github.com/benzjeremy/docklite/internal/api/handlers.go:257.2,261.4 1 0
github.com/benzjeremy/docklite/internal/api/handlers.go:267.2,269.14 3 0
github.com/benzjeremy/docklite/internal/api/handlers.go:270.3,272.1 2 0
github.com/benzjeremy/docklite/internal/api/handlers.go:274.2,276.16 3 0
github.com/benzjeremy/docklite/internal/api/handlers.go:277.3,279.1 2 0
github.com/benzjeremy/docklite/internal/api/handlers.go:281.2,281.36 1 0
github.com/benzjeremy/docklite/internal/api/handlers.go:285.2,287.14 3 0
github.com/benzjeremy/docklite/internal/api/handlers.go:288.3,290.1 2 0
github.com/benzjeremy/docklite/internal/api/handlers.go:293.2,294.95 2 0
github.com/benzjeremy/docklite/internal/api/handlers.go:295.3,297.1 2 0
github.com/benzjeremy/docklite/internal/api/handlers.go:299.2,301.16 3 0
github.com/benzjeremy/docklite/internal/api/handlers.go:302.3,304.1 2 0
github.com/benzjeremy/docklite/internal/api/handlers.go:306.2,310.4 1 0
github.com/benzjeremy/docklite/internal/api/handlers.go:314.2,317.1 2 0
github.com/benzjeremy/docklite/internal/api/handlers.go:319.2,319.56 2 0
github.com/benzjeremy/docklite/internal/api/handlers.go:320.3,321.1 1 0
github.com/benzjeremy/docklite/internal/api/handlers.go:322.2,322.25 1 0
github.com/benzjeremy/docklite/internal/api/handlers.go:323.3,324.1 1 0
github.com/benzjeremy/docklite/internal/api/handlers.go:325.2,325.23 1 0
github.com/benzjeremy/docklite/internal/api/handlers.go:326.3,327.1 1 0
github.com/benzjeremy/docklite/internal/api/handlers.go:328.2,328.23 1 0
github.com/benzjeremy/docklite/internal/api/handlers.go:329.3,330.1 1 0
github.com/benzjeremy/docklite/internal/api/handlers.go:332.2,332.25 1 0
github.com/benzjeremy/docklite/internal/api/handlers.go:333.3,335.1 2 0
github.com/benzjeremy/docklite/internal/api/handlers.go:337.2,337.92 1 0
github.com/benzjeremy/docklite/internal/api/handlers.go:338.3,340.1 2 0
github.com/benzjeremy/docklite/internal/api/handlers.go:342.2,344.16 3 0
github.com/benzjeremy/docklite/internal/api/handlers.go:345.3,347.1 2 0
github.com/benzjeremy/docklite/internal/api/handlers.go:349.2,355.4 1 0
github.com/benzjeremy/docklite/internal/api/handlers.go:359.2,361.16 3 0
github.com/benzjeremy/docklite/internal/api/handlers.go:362.3,364.1 2 0
github.com/benzjeremy/docklite/internal/api/handlers.go:365.2,365.37 1 0
github.com/benzjeremy/docklite/internal/api/handlers.go:369.2,371.16 3 0
github.com/benzjeremy/docklite/internal/api/handlers.go:372.3,374.1 2 0
github.com/benzjeremy/docklite/internal/api/handlers.go:375.2,375.37 1 0
github.com/benzjeremy/docklite/internal/api/handlers.go:380.2,381.9 2 0
github.com/benzjeremy/docklite/internal/api/handlers.go:382.3,384.1 2 0
github.com/benzjeremy/docklite/internal/api/handlers.go:386.2,389.1 7 0
github.com/benzjeremy/docklite/internal/api/handlers.go:390.2,392.1 7 0
github.com/benzjeremy/docklite/internal/api/handlers.go:394.2,395.1 7 0
github.com/benzjeremy/docklite/internal/api/handlers.go:396.2,396.6 7 0
github.com/benzjeremy/docklite/internal/api/handlers.go:397.3,397.10 1 0
github.com/benzjeremy/docklite/internal/api/handlers.go:399.4,399.10 1 0
github.com/benzjeremy/docklite/internal/api/handlers.go:401.4,401.40 1 0
github.com/benzjeremy/docklite/internal/api/handlers.go:402.5,403.1 1 0
github.com/benzjeremy/docklite/internal/api/handlers.go:409.2,411.16 3 0
github.com/benzjeremy/docklite/internal/api/handlers.go:412.3,413.1 1 0
github.com/benzjeremy/docklite/internal/api/handlers.go:415.2,416.28 2 0
github.com/benzjeremy/docklite/internal/api/handlers.go:417.3,417.39 1 0
github.com/benzjeremy/docklite/internal/api/handlers.go:418.4,419.21 2 0
github.com/benzjeremy/docklite/internal/api/handlers.go:420.5,422.20 3 0
github.com/benzjeremy/docklite/internal/api/handlers.go:423.6,424.1 1 0
github.com/benzjeremy/docklite/internal/api/handlers.go:428.2,429.1 5 0
github.com/benzjeremy/docklite/internal/api/handlers.go:430.2,431.1 5 0
github.com/benzjeremy/docklite/internal/api/handlers.go:432.2,436.1 5 0
github.com/benzjeremy/docklite/internal/api/handlers.go:438.2,439.16 5 0
github.com/benzjeremy/docklite/internal/api/handlers.go:440.3,441.1 1 0
github.com/benzjeremy/docklite/internal/api/handlers.go:443.2,444.21 2 0
github.com/benzjeremy/docklite/internal/api/handlers.go:445.3,446.1 1 0
github.com/benzjeremy/docklite/internal/api/handlers.go:447.2,448.13 2 0
github.com/benzjeremy/docklite/internal/api/handlers.go:452.2,454.20 3 0
github.com/benzjeremy/docklite/internal/api/handlers.go:455.3,456.1 1 0
github.com/benzjeremy/docklite/internal/api/handlers.go:457.2,457.11 1 0
github.com/benzjeremy/docklite/internal/api/middleware.go:17.2,17.71 1 3
github.com/benzjeremy/docklite/internal/api/middleware.go:19.3,24.1 7 6
github.com/benzjeremy/docklite/internal/api/middleware.go:26.3,27.55 7 6
github.com/benzjeremy/docklite/internal/api/middleware.go:28.4,29.1 1 5
github.com/benzjeremy/docklite/internal/api/middleware.go:30.3,30.29 1 6
github.com/benzjeremy/docklite/internal/api/middleware.go:31.4,33.1 2 1
github.com/benzjeremy/docklite/internal/api/middleware.go:36.3,36.97 1 5
github.com/benzjeremy/docklite/internal/api/middleware.go:37.4,38.20 2 0
github.com/benzjeremy/docklite/internal/api/middleware.go:40.5,41.59 2 0
github.com/benzjeremy/docklite/internal/api/middleware.go:42.6,43.1 1 0
github.com/benzjeremy/docklite/internal/api/middleware.go:44.5,44.63 1 0
github.com/benzjeremy/docklite/internal/api/middleware.go:45.6,46.1 1 0
github.com/benzjeremy/docklite/internal/api/middleware.go:47.5,47.37 1 0
github.com/benzjeremy/docklite/internal/api/middleware.go:48.6,50.1 2 0
github.com/benzjeremy/docklite/internal/api/middleware.go:55.3,55.69 1 5
github.com/benzjeremy/docklite/internal/api/middleware.go:56.4,57.19 2 3
github.com/benzjeremy/docklite/internal/api/middleware.go:58.5,59.1 1 2
github.com/benzjeremy/docklite/internal/api/middleware.go:60.4,60.31 1 3
github.com/benzjeremy/docklite/internal/api/middleware.go:61.5,63.1 2 1
github.com/benzjeremy/docklite/internal/api/middleware.go:66.3,66.23 1 4
github.com/benzjeremy/docklite/internal/api/middleware.go:72.2,72.86 1 6
github.com/benzjeremy/docklite/internal/api/middleware.go:73.3,74.1 1 4
github.com/benzjeremy/docklite/internal/api/middleware.go:75.2,75.48 1 2
github.com/benzjeremy/docklite/internal/api/middleware.go:76.3,76.56 1 2
github.com/benzjeremy/docklite/internal/api/middleware.go:77.4,78.1 1 1
github.com/benzjeremy/docklite/internal/api/middleware.go:80.2,80.14 1 1
github.com/benzjeremy/docklite/internal/api/server.go:24.2,30.1 3 0
github.com/benzjeremy/docklite/internal/api/server.go:31.2,33.1 3 0
github.com/benzjeremy/docklite/internal/api/server.go:37.2,40.82 4 0
github.com/benzjeremy/docklite/internal/api/server.go:41.3,41.33 1 0
github.com/benzjeremy/docklite/internal/api/server.go:42.4,44.1 2 0
github.com/benzjeremy/docklite/internal/api/server.go:45.3,45.69 1 0
github.com/benzjeremy/docklite/internal/api/server.go:48.2,48.83 1 0
github.com/benzjeremy/docklite/internal/api/server.go:49.3,49.67 1 0
github.com/benzjeremy/docklite/internal/api/server.go:50.4,52.1 2 0
github.com/benzjeremy/docklite/internal/api/server.go:53.3,53.74 1 0
github.com/benzjeremy/docklite/internal/api/server.go:56.2,56.87 1 0
github.com/benzjeremy/docklite/internal/api/server.go:57.3,57.34 1 0
github.com/benzjeremy/docklite/internal/api/server.go:58.4,60.1 2 0
github.com/benzjeremy/docklite/internal/api/server.go:61.3,61.64 1 0
github.com/benzjeremy/docklite/internal/api/server.go:64.2,64.83 1 0
github.com/benzjeremy/docklite/internal/api/server.go:65.3,65.33 1 0
github.com/benzjeremy/docklite/internal/api/server.go:66.4,68.1 2 0
github.com/benzjeremy/docklite/internal/api/server.go:69.3,69.63 1 0
github.com/benzjeremy/docklite/internal/api/server.go:72.2,72.84 1 0
github.com/benzjeremy/docklite/internal/api/server.go:73.3,73.33 1 0
github.com/benzjeremy/docklite/internal/api/server.go:74.4,76.1 2 0
github.com/benzjeremy/docklite/internal/api/server.go:77.3,77.63 1 0
github.com/benzjeremy/docklite/internal/api/server.go:80.2,80.88 1 0
github.com/benzjeremy/docklite/internal/api/server.go:81.3,81.34 1 0
github.com/benzjeremy/docklite/internal/api/server.go:82.4,84.1 2 0
github.com/benzjeremy/docklite/internal/api/server.go:85.3,85.64 1 0
github.com/benzjeremy/docklite/internal/api/server.go:88.2,89.1 2 0
github.com/benzjeremy/docklite/internal/api/server.go:91.2,91.86 2 0
github.com/benzjeremy/docklite/internal/api/server.go:92.3,92.33 1 0
github.com/benzjeremy/docklite/internal/api/server.go:93.4,95.1 2 0
github.com/benzjeremy/docklite/internal/api/server.go:96.3,96.27 1 0
github.com/benzjeremy/docklite/internal/api/server.go:99.2,99.87 1 0
github.com/benzjeremy/docklite/internal/api/server.go:100.3,102.1 3 0
github.com/benzjeremy/docklite/internal/api/server.go:103.3,103.40 3 0
github.com/benzjeremy/docklite/internal/api/server.go:104.4,104.34 1 0
github.com/benzjeremy/docklite/internal/api/server.go:105.5,107.1 2 0
github.com/benzjeremy/docklite/internal/api/server.go:108.4,108.37 1 0
github.com/benzjeremy/docklite/internal/api/server.go:109.5,111.1 2 0
github.com/benzjeremy/docklite/internal/api/server.go:112.4,113.10 2 0
github.com/benzjeremy/docklite/internal/api/server.go:116.3,116.22 1 0
github.com/benzjeremy/docklite/internal/api/server.go:117.4,117.20 1 0
github.com/benzjeremy/docklite/internal/api/server.go:119.5,119.35 1 0
github.com/benzjeremy/docklite/internal/api/server.go:120.6,122.1 2 0
github.com/benzjeremy/docklite/internal/api/server.go:124.5,124.35 1 0
github.com/benzjeremy/docklite/internal/api/server.go:125.6,127.1 2 0
github.com/benzjeremy/docklite/internal/api/server.go:129.5,129.69 1 0
github.com/benzjeremy/docklite/internal/api/server.go:130.6,132.1 2 0
github.com/benzjeremy/docklite/internal/api/server.go:133.5,134.11 2 0
github.com/benzjeremy/docklite/internal/api/server.go:136.5,136.35 1 0
github.com/benzjeremy/docklite/internal/api/server.go:137.6,139.1 2 0
github.com/benzjeremy/docklite/internal/api/server.go:140.5,141.11 2 0
github.com/benzjeremy/docklite/internal/api/server.go:143.5,143.36 1 0
github.com/benzjeremy/docklite/internal/api/server.go:144.6,146.1 2 0
github.com/benzjeremy/docklite/internal/api/server.go:147.5,148.11 2 0
github.com/benzjeremy/docklite/internal/api/server.go:150.5,150.36 1 0
github.com/benzjeremy/docklite/internal/api/server.go:151.6,153.1 2 0
github.com/benzjeremy/docklite/internal/api/server.go:154.5,155.11 2 0
github.com/benzjeremy/docklite/internal/api/server.go:159.3,159.61 1 0
github.com/benzjeremy/docklite/internal/api/server.go:163.2,163.23 1 0
github.com/benzjeremy/docklite/internal/api/server.go:164.3,165.70 2 0
github.com/benzjeremy/docklite/internal/api/server.go:166.4,166.46 1 0
github.com/benzjeremy/docklite/internal/api/server.go:167.5,169.1 2 0
github.com/benzjeremy/docklite/internal/api/server.go:172.4,173.18 2 0
github.com/benzjeremy/docklite/internal/api/server.go:174.5,175.1 1 0
github.com/benzjeremy/docklite/internal/api/server.go:177.4,177.55 1 0
github.com/benzjeremy/docklite/internal/api/server.go:178.5,180.1 2 0
github.com/benzjeremy/docklite/internal/api/server.go:183.4,184.30 2 0
github.com/benzjeremy/docklite/internal/api/server.go:191.2,192.1 1 0
github.com/benzjeremy/docklite/internal/api/server.go:196.2,202.1 3 0
github.com/benzjeremy/docklite/internal/api/server.go:204.2,206.1 3 0
